<?xml version="1.0" encoding="UTF-8"?>
<testsuite name="CartItermParserTest" tests="1" skipped="0" failures="0" errors="0" timestamp="2015-09-06T23:27:21" hostname="LYJ.local" time="0.003">
  <properties/>
  <testcase name="testCartItermParser" classname="CartItermParserTest" time="0.003"/>
  <system-out><![CDATA[]]></system-out>
  <system-err><![CDATA[]]></system-err>
</testsuite>
