<?xml version="1.0" encoding="UTF-8"?>
<testsuite name="com.homework.shoppingCart.CartTest" tests="2" skipped="0" failures="0" errors="0" timestamp="2015-09-15T13:05:13" hostname="LYJ.local" time="0.007">
  <properties/>
  <testcase name="testCalculateTotalTaxes" classname="com.homework.shoppingCart.CartTest" time="0.006"/>
  <testcase name="testCalculteTotalCosts" classname="com.homework.shoppingCart.CartTest" time="0.0"/>
  <system-out><![CDATA[]]></system-out>
  <system-err><![CDATA[]]></system-err>
</testsuite>
