<?xml version="1.0" encoding="UTF-8"?>
<testsuite name="com.homework.shoppingCart.ProductTest" tests="2" skipped="0" failures="0" errors="0" timestamp="2015-09-15T13:05:13" hostname="LYJ.local" time="0.001">
  <properties/>
  <testcase name="testGetCost" classname="com.homework.shoppingCart.ProductTest" time="0.001"/>
  <testcase name="testGetTax" classname="com.homework.shoppingCart.ProductTest" time="0.0"/>
  <system-out><![CDATA[]]></system-out>
  <system-err><![CDATA[]]></system-err>
</testsuite>
