<?xml version="1.0" encoding="UTF-8"?>
<testsuite name="GetCostTest" tests="1" skipped="0" failures="0" errors="0" timestamp="2015-09-03T08:47:00" hostname="LYJ.local" time="0.006">
  <properties/>
  <testcase name="testGetCost" classname="GetCostTest" time="0.006"/>
  <system-out><![CDATA[]]></system-out>
  <system-err><![CDATA[]]></system-err>
</testsuite>
