<?xml version="1.0" encoding="UTF-8"?>
<testsuite name="GetGoodsByNameTest" tests="1" skipped="0" failures="0" errors="0" timestamp="2015-09-04T10:11:19" hostname="LYJ.local" time="0.0">
  <properties/>
  <testcase name="testGetGoodsByName" classname="GetGoodsByNameTest" time="0.0"/>
  <system-out><![CDATA[]]></system-out>
  <system-err><![CDATA[]]></system-err>
</testsuite>
