<?xml version="1.0" encoding="UTF-8"?>
<testsuite name="CalculateTaxRateTest" tests="1" skipped="0" failures="0" errors="0" timestamp="2015-09-04T10:11:19" hostname="LYJ.local" time="0.003">
  <properties/>
  <testcase name="testCalculateTaxRate" classname="CalculateTaxRateTest" time="0.003"/>
  <system-out><![CDATA[]]></system-out>
  <system-err><![CDATA[]]></system-err>
</testsuite>
