<?xml version="1.0" encoding="UTF-8"?>
<testsuite name="com.homework.shoppingCart.parse.ContentParserTest" tests="1" skipped="0" failures="0" errors="0" timestamp="2015-09-19T15:17:31" hostname="bogon" time="0.022">
  <properties/>
  <testcase name="testParse" classname="com.homework.shoppingCart.parse.ContentParserTest" time="0.022"/>
  <system-out><![CDATA[]]></system-out>
  <system-err><![CDATA[]]></system-err>
</testsuite>
