<?xml version="1.0" encoding="UTF-8"?>
<testsuite name="com.homework.shoppingCart.CalculatorTest" tests="3" skipped="0" failures="0" errors="0" timestamp="2015-09-19T15:17:31" hostname="bogon" time="0.054">
  <properties/>
  <testcase name="testCalculateTotalCost" classname="com.homework.shoppingCart.CalculatorTest" time="0.053"/>
  <testcase name="testCalculateTotalTax" classname="com.homework.shoppingCart.CalculatorTest" time="0.0"/>
  <testcase name="testCalculateTax" classname="com.homework.shoppingCart.CalculatorTest" time="0.0"/>
  <system-out><![CDATA[]]></system-out>
  <system-err><![CDATA[]]></system-err>
</testsuite>
