<?xml version="1.0" encoding="UTF-8"?>
<testsuite name="com.homework.shoppingCart.TaxRateTest" tests="1" skipped="0" failures="0" errors="0" timestamp="2015-09-19T15:17:31" hostname="bogon" time="0.001">
  <properties/>
  <testcase name="testCalculateTaxRate" classname="com.homework.shoppingCart.TaxRateTest" time="0.001"/>
  <system-out><![CDATA[]]></system-out>
  <system-err><![CDATA[]]></system-err>
</testsuite>
