<?xml version="1.0" encoding="UTF-8"?>
<testsuite name="com.homework.shoppingCart.ProductTest" tests="3" skipped="0" failures="0" errors="0" timestamp="2015-09-19T15:17:31" hostname="bogon" time="0.003">
  <properties/>
  <testcase name="testGetTaxRate" classname="com.homework.shoppingCart.ProductTest" time="0.001"/>
  <testcase name="testGetCost" classname="com.homework.shoppingCart.ProductTest" time="0.001"/>
  <testcase name="testGetTax" classname="com.homework.shoppingCart.ProductTest" time="0.0"/>
  <system-out><![CDATA[]]></system-out>
  <system-err><![CDATA[]]></system-err>
</testsuite>
