<?xml version="1.0" encoding="UTF-8"?>
<testsuite name="com.homework.shoppingCart.helper.CalculatorTest" tests="1" skipped="0" failures="0" errors="0" timestamp="2015-09-11T12:03:28" hostname="LYJ.local" time="0.005">
  <properties/>
  <testcase name="testCalculateTax" classname="com.homework.shoppingCart.helper.CalculatorTest" time="0.005"/>
  <system-out><![CDATA[]]></system-out>
  <system-err><![CDATA[]]></system-err>
</testsuite>
