<?xml version="1.0" encoding="UTF-8"?>
<testsuite name="com.homework.shoppingCart.TaxRateTest" tests="1" skipped="0" failures="0" errors="0" timestamp="2015-09-15T13:05:13" hostname="LYJ.local" time="0.0">
  <properties/>
  <testcase name="testCalculateTaxRate" classname="com.homework.shoppingCart.TaxRateTest" time="0.0"/>
  <system-out><![CDATA[]]></system-out>
  <system-err><![CDATA[]]></system-err>
</testsuite>
