<?xml version="1.0" encoding="UTF-8"?>
<testsuite name="GetCostTest" tests="1" skipped="0" failures="0" errors="0" timestamp="2015-09-04T10:11:19" hostname="LYJ.local" time="0.002">
  <properties/>
  <testcase name="testGetCost" classname="GetCostTest" time="0.002"/>
  <system-out><![CDATA[]]></system-out>
  <system-err><![CDATA[]]></system-err>
</testsuite>
