<?xml version="1.0" encoding="UTF-8"?>
<testsuite name="com.homework.shoppingCart.helper.CartItermParserTest" tests="1" skipped="0" failures="0" errors="0" timestamp="2015-09-15T13:05:13" hostname="LYJ.local" time="0.001">
  <properties/>
  <testcase name="testCartItermParser" classname="com.homework.shoppingCart.helper.CartItermParserTest" time="0.001"/>
  <system-out><![CDATA[]]></system-out>
  <system-err><![CDATA[]]></system-err>
</testsuite>
