<?xml version="1.0" encoding="UTF-8"?>
<testsuite name="com.homework.shoppingCart.helper.MoneyHelperTest" tests="1" skipped="0" failures="0" errors="0" timestamp="2015-09-19T15:17:31" hostname="bogon" time="0.0">
  <properties/>
  <testcase name="testRound" classname="com.homework.shoppingCart.helper.MoneyHelperTest" time="0.0"/>
  <system-out><![CDATA[]]></system-out>
  <system-err><![CDATA[]]></system-err>
</testsuite>
